c:\users\paran\source\repos\reservation_system\project1\x64\debug\vc143.pdb
c:\users\paran\source\repos\reservation_system\project1\x64\debug\vc143.idb
c:\users\paran\source\repos\reservation_system\project1\x64\debug\main.obj
c:\users\paran\source\repos\reservation_system\project1\x64\debug\study.obj
c:\users\paran\source\repos\reservation_system\project1\x64\debug\airplane.obj
c:\users\paran\source\repos\reservation_system\project1\x64\debug\restaurant.obj
c:\users\paran\source\repos\reservation_system\project1\x64\debug\stu_time.obj
c:\users\paran\source\repos\reservation_system\project1\x64\debug\airseat.obj
c:\users\paran\source\repos\reservation_system\project1\x64\debug\airtime.obj
c:\users\paran\source\repos\reservation_system\project1\x64\debug\res_seat.obj
c:\users\paran\source\repos\reservation_system\project1\x64\debug\res_time.obj
c:\users\paran\source\repos\reservation_system\project1\x64\debug\stu_seat.obj
c:\users\paran\source\repos\reservation_system\project1\x64\debug\booking.obj
c:\users\paran\source\repos\reservation_system\x64\debug\reservation_system.exe
c:\users\paran\source\repos\reservation_system\project1\x64\debug\reservation_system.ilk
c:\users\paran\source\repos\reservation_system\x64\debug\reservation_system.pdb
c:\users\paran\source\repos\reservation_system\project1\x64\debug\airplane.obj.enc
c:\users\paran\source\repos\reservation_system\project1\x64\debug\airseat.obj.enc
c:\users\paran\source\repos\reservation_system\project1\x64\debug\study.obj.enc
c:\users\paran\source\repos\reservation_system\project1\x64\debug\vc142.idb
c:\users\paran\source\repos\reservation_system\project1\x64\debug\vc142.pdb
c:\users\paran\source\repos\reservation_system\project1\x64\debug\reservat.9212534b.tlog\cl.command.1.tlog
c:\users\paran\source\repos\reservation_system\project1\x64\debug\reservat.9212534b.tlog\cl.read.1.tlog
c:\users\paran\source\repos\reservation_system\project1\x64\debug\reservat.9212534b.tlog\cl.write.1.tlog
c:\users\paran\source\repos\reservation_system\project1\x64\debug\reservat.9212534b.tlog\link.command.1.tlog
c:\users\paran\source\repos\reservation_system\project1\x64\debug\reservat.9212534b.tlog\link.read.1.tlog
c:\users\paran\source\repos\reservation_system\project1\x64\debug\reservat.9212534b.tlog\link.write.1.tlog
